[2023-10-26 19:13:01] [ INFO ] [OdontologoDaoH2:42] Nuevo registro cargado H2: Camilo Sanchez
[2023-10-26 19:13:01] [ INFO ] [OdontologoDaoH2:42] Nuevo registro cargado H2: Lucero Falla
[2023-10-26 19:13:01] [ INFO ] [OdontologoDaoH2:42] Nuevo registro cargado H2: Leonel Alvarez
[2023-10-26 19:13:01] [ DEBUG] [OdontologoDaoH2:65] Listado cargado con exito
[2023-10-26 19:13:01] [ INFO ] [OdontologoDaoH2:21] Nuevo registro cargado: Jacinto Nu単ez
[2023-10-26 19:13:01] [ INFO ] [OdontologoDaoH2:21] Nuevo registro cargado: Antonio Ezquivel
[2023-10-26 19:13:01] [ INFO ] [OdontologoDaoH2:21] Nuevo registro cargado: Jorge Rodriguez
[2023-10-26 19:13:01] [ DEBUG] [OdontologoDaoH2:32] Listado cargado con exito
[2023-10-26 19:15:01] [ INFO ] [OdontologoDaoH2:42] Nuevo registro cargado H2: Camilo Sanchez
[2023-10-26 19:15:01] [ INFO ] [OdontologoDaoH2:42] Nuevo registro cargado H2: Lucero Falla
[2023-10-26 19:15:01] [ INFO ] [OdontologoDaoH2:42] Nuevo registro cargado H2: Leonel Alvarez
[2023-10-26 19:15:01] [ DEBUG] [OdontologoDaoH2:65] Listado cargado con exito
[2023-10-26 19:15:01] [ INFO ] [OdontologoDaoH2:21] Nuevo registro cargado: Jacinto Nu単ez
[2023-10-26 19:15:01] [ INFO ] [OdontologoDaoH2:21] Nuevo registro cargado: Antonio Ezquivel
[2023-10-26 19:15:01] [ INFO ] [OdontologoDaoH2:21] Nuevo registro cargado: Jorge Rodriguez
[2023-10-26 19:15:01] [ DEBUG] [OdontologoDaoH2:32] Listado cargado con exito
[2023-10-26 19:17:48] [ INFO ] [OdontologoDaoH2:42] Nuevo registro cargado H2: Camilo Sanchez
[2023-10-26 19:17:48] [ INFO ] [OdontologoDaoH2:42] Nuevo registro cargado H2: Lucero Falla
[2023-10-26 19:17:48] [ INFO ] [OdontologoDaoH2:42] Nuevo registro cargado H2: Leonel Alvarez
[2023-10-26 19:17:48] [ DEBUG] [OdontologoDaoH2:65] Listado cargado con exito
[2023-10-26 19:17:48] [ INFO ] [OdontologoDaoH2:21] Nuevo registro cargado: Jacinto Nu単ez
[2023-10-26 19:17:48] [ INFO ] [OdontologoDaoH2:21] Nuevo registro cargado: Antonio Ezquivel
[2023-10-26 19:17:48] [ INFO ] [OdontologoDaoH2:21] Nuevo registro cargado: Jorge Rodriguez
[2023-10-26 19:17:48] [ DEBUG] [OdontologoDaoH2:32] Listado cargado con exito
[2023-10-26 19:22:34] [ INFO ] [OdontologoDaoH2:42] Nuevo registro cargado H2: Camilo Sanchez
[2023-10-26 19:22:34] [ INFO ] [OdontologoDaoH2:42] Nuevo registro cargado H2: Lucero Falla
[2023-10-26 19:22:34] [ INFO ] [OdontologoDaoH2:42] Nuevo registro cargado H2: Leonel Alvarez
[2023-10-26 19:22:34] [ DEBUG] [OdontologoDaoH2:65] Listado cargado con exito
[2023-10-26 19:22:34] [ INFO ] [OdontologoDaoH2:21] Nuevo registro cargado: Jacinto Nu単ez
[2023-10-26 19:22:34] [ INFO ] [OdontologoDaoH2:21] Nuevo registro cargado: Antonio Ezquivel
[2023-10-26 19:22:34] [ INFO ] [OdontologoDaoH2:21] Nuevo registro cargado: Jorge Rodriguez
[2023-10-26 19:22:34] [ DEBUG] [OdontologoDaoH2:32] Listado cargado con exito
